2025-10-08T14:18:29.789602Z	Cloning repository...
2025-10-08T14:18:30.464384Z	From https://github.com/commanderphu/einfachnurphu-io-portfolio
2025-10-08T14:18:30.46521Z	 * branch            ef2817f7507a300f20d90da584e11c083958c18d -> FETCH_HEAD
2025-10-08T14:18:30.465341Z	
2025-10-08T14:18:30.501229Z	HEAD is now at ef2817f fix:dev
2025-10-08T14:18:30.501702Z	
2025-10-08T14:18:30.581523Z	
2025-10-08T14:18:30.582153Z	Using v2 root directory strategy
2025-10-08T14:18:30.605176Z	Success: Finished cloning repository files
2025-10-08T14:18:31.44341Z	Restoring from dependencies cache
2025-10-08T14:18:31.460559Z	Restoring from build output cache
2025-10-08T14:18:32.67223Z	Success: Build output restored from build cache.
2025-10-08T14:18:40.038295Z	Success: Dependencies restored from build cache.
2025-10-08T14:18:41.057146Z	Checking for configuration in a Wrangler configuration file (BETA)
2025-10-08T14:18:41.059419Z	
2025-10-08T14:18:41.0611Z	Found wrangler.toml file. Reading build configuration...
2025-10-08T14:18:41.069337Z	pages_build_output_dir: .vercel/output/static
2025-10-08T14:18:41.069485Z	Build environment variables: (none found)
2025-10-08T14:18:42.268642Z	Successfully read wrangler.toml file.
2025-10-08T14:18:42.336921Z	Detected the following tools from environment: pnpm@10.11.1, nodejs@22.16.0
2025-10-08T14:18:43.041473Z	Installing project dependencies: pnpm install
2025-10-08T14:18:43.646002Z	Lockfile is up to date, resolution step is skipped
2025-10-08T14:18:43.713294Z	Progress: resolved 1, reused 0, downloaded 0, added 0
2025-10-08T14:18:43.871151Z	Packages: +685
2025-10-08T14:18:43.871444Z	++++++++++++++++++++++++++++++++++++++++++++++++++++++++++++++++++++++++++++++++
2025-10-08T14:18:44.713684Z	Progress: resolved 685, reused 664, downloaded 0, added 0
2025-10-08T14:18:45.714073Z	Progress: resolved 685, reused 685, downloaded 0, added 534
2025-10-08T14:18:46.638866Z	Progress: resolved 685, reused 685, downloaded 0, added 685, done
2025-10-08T14:18:46.931652Z	
2025-10-08T14:18:46.931885Z	dependencies:
2025-10-08T14:18:46.932026Z	+ @emotion/is-prop-valid 1.4.0
2025-10-08T14:18:46.932093Z	+ @radix-ui/react-avatar 1.1.10
2025-10-08T14:18:46.932168Z	+ @radix-ui/react-icons 1.3.2
2025-10-08T14:18:46.932225Z	+ @radix-ui/react-navigation-menu 1.2.14
2025-10-08T14:18:46.932282Z	+ @radix-ui/react-slot 1.2.3
2025-10-08T14:18:46.932363Z	+ class-variance-authority 0.7.1
2025-10-08T14:18:46.932701Z	+ clsx 2.1.1
2025-10-08T14:18:46.932865Z	+ contentlayer 0.3.4
2025-10-08T14:18:46.932983Z	+ framer-motion 12.23.22
2025-10-08T14:18:46.933085Z	+ lucide-react 0.545.0
2025-10-08T14:18:46.933227Z	+ next 15.5.4
2025-10-08T14:18:46.93333Z	+ next-contentlayer 0.3.4
2025-10-08T14:18:46.933424Z	+ react 19.1.0
2025-10-08T14:18:46.933609Z	+ react-dom 19.1.0
2025-10-08T14:18:46.933727Z	
2025-10-08T14:18:46.93385Z	devDependencies:
2025-10-08T14:18:46.933963Z	+ @cloudflare/next-on-pages 1.13.16
2025-10-08T14:18:46.934116Z	+ @eslint/eslintrc 3.3.1
2025-10-08T14:18:46.934265Z	+ @tailwindcss/postcss 4.1.14
2025-10-08T14:18:46.934371Z	+ @types/mdx 2.0.13
2025-10-08T14:18:46.934673Z	+ @types/node 20.19.19
2025-10-08T14:18:46.934801Z	+ @types/react 19.2.2
2025-10-08T14:18:46.934922Z	+ @types/react-dom 19.2.1
2025-10-08T14:18:46.935102Z	+ @types/rss 0.0.32
2025-10-08T14:18:46.93518Z	+ autoprefixer 10.4.21
2025-10-08T14:18:46.935243Z	+ eslint 9.37.0
2025-10-08T14:18:46.935319Z	+ eslint-config-next 15.5.4
2025-10-08T14:18:46.935459Z	+ postcss 8.5.6
2025-10-08T14:18:46.935598Z	+ tailwind-merge 3.3.1
2025-10-08T14:18:46.935736Z	+ tailwindcss 4.1.14
2025-10-08T14:18:46.935962Z	+ tailwindcss-animate 1.0.7
2025-10-08T14:18:46.93636Z	+ tw-animate-css 1.4.0
2025-10-08T14:18:46.936747Z	+ typescript 5.9.3
2025-10-08T14:18:46.936876Z	+ wrangler 4.42.1
2025-10-08T14:18:46.936974Z	
2025-10-08T14:18:46.937121Z	╭ Warning ─────────────────────────────────────────────────────────────────────╮
2025-10-08T14:18:46.937256Z	│                                                                              │
2025-10-08T14:18:46.93737Z	│   Ignored build scripts: @tailwindcss/oxide, contentlayer, esbuild,          │
2025-10-08T14:18:46.937549Z	│   protobufjs, sharp, unrs-resolver, workerd.                                 │
2025-10-08T14:18:46.937725Z	│   Run "pnpm approve-builds" to pick which dependencies should be allowed     │
2025-10-08T14:18:46.937863Z	│   to run scripts.                                                            │
2025-10-08T14:18:46.937982Z	│                                                                              │
2025-10-08T14:18:46.938101Z	╰──────────────────────────────────────────────────────────────────────────────╯
2025-10-08T14:18:46.938238Z	
2025-10-08T14:18:46.9767Z	Done in 3.6s using pnpm v10.11.1
2025-10-08T14:18:46.992831Z	Executing user command: pnpm run deploy
2025-10-08T14:18:47.528695Z	
2025-10-08T14:18:47.528985Z	> einfachnurphu-portfolio@0.1.0 deploy /opt/buildhome/repo
2025-10-08T14:18:47.529142Z	> pnpm prebuild && next-on-pages
2025-10-08T14:18:47.529283Z	
2025-10-08T14:18:47.87387Z	
2025-10-08T14:18:47.874215Z	> einfachnurphu-portfolio@0.1.0 prebuild /opt/buildhome/repo
2025-10-08T14:18:47.874317Z	> pnpm contentlayer || true
2025-10-08T14:18:47.874441Z	
2025-10-08T14:18:48.233653Z	
2025-10-08T14:18:48.233896Z	> einfachnurphu-portfolio@0.1.0 contentlayer /opt/buildhome/repo
2025-10-08T14:18:48.234047Z	> contentlayer build
2025-10-08T14:18:48.234169Z	
2025-10-08T14:18:50.226472Z	Generated 6 documents in .contentlayer
2025-10-08T14:18:50.232589Z	TypeError: The "code" argument must be of type number. Received an instance of Object
2025-10-08T14:18:50.232882Z	    at process.set [as exitCode] (node:internal/bootstrap/node:122:9)
2025-10-08T14:18:50.232984Z	    at Cli.runExit (/opt/buildhome/repo/node_modules/.pnpm/clipanion@3.2.1_typanion@3.14.0/node_modules/clipanion/lib/advanced/Cli.js:232:26)
2025-10-08T14:18:50.233051Z	    at run (file:///opt/buildhome/repo/node_modules/.pnpm/@contentlayer+cli@0.3.4_esbuild@0.25.4/node_modules/@contentlayer/cli/src/index.ts:39:3)
2025-10-08T14:18:50.233155Z	    at main (/opt/buildhome/repo/node_modules/.pnpm/contentlayer@0.3.4_esbuild@0.25.4/node_modules/contentlayer/bin/cli.cjs:5:3) {
2025-10-08T14:18:50.233257Z	  code: 'ERR_INVALID_ARG_TYPE'
2025-10-08T14:18:50.233351Z	}
2025-10-08T14:18:50.411138Z	⚡️ @cloudflare/next-on-pages CLI v.1.13.16
2025-10-08T14:18:50.776826Z	⚡️ Detected Package Manager: pnpm (10.11.1)
2025-10-08T14:18:50.777084Z	⚡️ Preparing project...
2025-10-08T14:18:50.780218Z	⚡️ Project is ready
2025-10-08T14:18:50.780438Z	⚡️ Building project...
2025-10-08T14:18:51.899878Z	▲  Progress: resolved 1, reused 0, downloaded 0, added 0
2025-10-08T14:18:52.969995Z	▲  Progress: resolved 144, reused 131, downloaded 0, added 0
2025-10-08T14:18:53.948378Z	▲  WARN  1 deprecated subdependencies found: path-match@1.2.4
2025-10-08T14:18:53.955358Z	▲  Packages: +248
2025-10-08T14:18:53.955722Z	▲  ++++++++++++++++++++++++++++++++++++++++++++++++++++++++++++++++++++++++++++++++
2025-10-08T14:18:53.970102Z	▲  Progress: resolved 285, reused 254, downloaded 0, added 0
2025-10-08T14:18:54.20707Z	▲  Progress: resolved 285, reused 254, downloaded 0, added 248, done
2025-10-08T14:18:54.906941Z	▲  Vercel CLI 48.2.6
2025-10-08T14:18:54.911187Z	▲  > NOTE: The Vercel CLI now collects telemetry regarding usage of the CLI.
2025-10-08T14:18:54.911394Z	▲  > This information is used to shape the CLI roadmap and prioritize features.
2025-10-08T14:18:54.911553Z	▲  > You can learn more, including how to opt-out if you'd not like to participate in this program, by visiting the following URL:
2025-10-08T14:18:54.911658Z	▲  > https://vercel.com/docs/cli/about-telemetry
2025-10-08T14:18:55.017453Z	▲  WARN! Build not running on Vercel. System environment variables will not be available.
2025-10-08T14:18:55.272387Z	▲  Detected `pnpm-lock.yaml` 9 which may be generated by pnpm@9.x or pnpm@10.x
2025-10-08T14:18:55.272629Z	▲  Using pnpm@9.x based on project creation date
2025-10-08T14:18:55.272716Z	▲  To use pnpm@10.x, manually opt in using corepack (https://vercel.com/docs/deployments/configure-a-build#corepack)
2025-10-08T14:18:55.298389Z	▲  Installing dependencies...
2025-10-08T14:18:55.736068Z	▲  Lockfile is up to date, resolution step is skipped
2025-10-08T14:18:55.836508Z	▲  Already up to date
2025-10-08T14:18:56.243551Z	▲  ╭ Warning ─────────────────────────────────────────────────────────────────────╮
2025-10-08T14:18:56.244156Z	▲  │                                                                              │
2025-10-08T14:18:56.244344Z	▲  │   Ignored build scripts: @tailwindcss/oxide, contentlayer, esbuild,          │
2025-10-08T14:18:56.244591Z	▲  │   protobufjs, sharp, unrs-resolver, workerd.                                 │
2025-10-08T14:18:56.244742Z	▲  │   Run "pnpm approve-builds" to pick which dependencies should be allowed     │
2025-10-08T14:18:56.244858Z	▲  │   to run scripts.                                                            │
2025-10-08T14:18:56.244939Z	▲  │                                                                              │
2025-10-08T14:18:56.245007Z	▲  ╰──────────────────────────────────────────────────────────────────────────────╯
2025-10-08T14:18:56.259388Z	▲  Done in 876ms using pnpm v10.11.1
2025-10-08T14:18:56.274017Z	▲  Detected Next.js version: 15.5.4
2025-10-08T14:18:56.292457Z	▲  Running "pnpm run build"
2025-10-08T14:18:56.671055Z	▲  > einfachnurphu-portfolio@0.1.0 build /opt/buildhome/repo
2025-10-08T14:18:56.671386Z	▲  > pnpm prebuild && next build
2025-10-08T14:18:57.046295Z	▲  > einfachnurphu-portfolio@0.1.0 prebuild /opt/buildhome/repo
2025-10-08T14:18:57.046568Z	▲  > pnpm contentlayer || true
2025-10-08T14:18:57.416723Z	▲  > einfachnurphu-portfolio@0.1.0 contentlayer /opt/buildhome/repo
2025-10-08T14:18:57.417021Z	▲  > contentlayer build
2025-10-08T14:18:59.223746Z	▲  Generated 6 documents in .contentlayer
2025-10-08T14:18:59.228979Z	▲  TypeError: The "code" argument must be of type number. Received an instance of Object
2025-10-08T14:18:59.229233Z	▲    at process.set [as exitCode] (node:internal/bootstrap/node:122:9)
2025-10-08T14:18:59.229356Z	▲    at Cli.runExit (/opt/buildhome/repo/node_modules/.pnpm/clipanion@3.2.1_typanion@3.14.0/node_modules/clipanion/lib/advanced/Cli.js:232:26)
2025-10-08T14:18:59.229449Z	▲    at run (file:///opt/buildhome/repo/node_modules/.pnpm/@contentlayer+cli@0.3.4_esbuild@0.25.4/node_modules/@contentlayer/cli/src/index.ts:39:3)
2025-10-08T14:18:59.229583Z	▲    at main (/opt/buildhome/repo/node_modules/.pnpm/contentlayer@0.3.4_esbuild@0.25.4/node_modules/contentlayer/bin/cli.cjs:5:3) {
2025-10-08T14:18:59.229673Z	▲  code: 'ERR_INVALID_ARG_TYPE'
2025-10-08T14:18:59.229756Z	▲  }
2025-10-08T14:19:00.310468Z	▲  ▲ Next.js 15.5.4
2025-10-08T14:19:00.310815Z	▲  
2025-10-08T14:19:00.389746Z	▲  Creating an optimized production build ...
2025-10-08T14:19:02.331169Z	▲  Generated 6 documents in .contentlayer
2025-10-08T14:19:08.74177Z	▲  ✓ Compiled successfully in 8.2s
2025-10-08T14:19:08.745282Z	▲  Skipping linting
2025-10-08T14:19:08.745576Z	▲  Checking validity of types ...
2025-10-08T14:19:12.517336Z	▲  Collecting page data ...
2025-10-08T14:19:13.705066Z	▲  ⚠ Using edge runtime on a page currently disables static generation for that page
2025-10-08T14:19:14.792905Z	▲  Generating static pages (0/6) ...
2025-10-08T14:19:15.740017Z	▲  Generating static pages (1/6)
2025-10-08T14:19:15.740972Z	▲  Generating static pages (2/6) 
2025-10-08T14:19:15.741143Z	▲    Generating static pages (4/6) 
2025-10-08T14:19:15.741466Z	▲  ✓ Generating static pages (6/6)
2025-10-08T14:19:16.190064Z	▲  Finalizing page optimization ...
2025-10-08T14:19:16.190336Z	▲  Collecting build traces ...
2025-10-08T14:19:24.225159Z	▲  
2025-10-08T14:19:24.22827Z	▲  Route (app)                                 Size  First Load JS
2025-10-08T14:19:24.228473Z	▲  ┌ ƒ /                                    5.07 kB         156 kB
2025-10-08T14:19:24.228821Z	▲  ├ ○ /_not-found                            145 B         102 kB
2025-10-08T14:19:24.228925Z	▲  ├ ƒ /about                                 174 B         110 kB
2025-10-08T14:19:24.229267Z	▲  ├ ƒ /api/og                                145 B         102 kB
2025-10-08T14:19:24.229509Z	▲  ├ ƒ /blog                                2.93 kB         154 kB
2025-10-08T14:19:24.229685Z	▲  ├ ƒ /blog/[slug]                         4.62 kB         152 kB
2025-10-08T14:19:24.229792Z	▲  ├ ƒ /contact                               145 B         102 kB
2025-10-08T14:19:24.229918Z	▲  ├ ƒ /feed.xml                              145 B         102 kB
2025-10-08T14:19:24.230083Z	▲  ├ ƒ /impressum                             145 B         102 kB
2025-10-08T14:19:24.230194Z	▲  ├ ƒ /projects                            1.89 kB         112 kB
2025-10-08T14:19:24.230298Z	▲  ├ ƒ /projects/[slug]                     1.46 kB         108 kB
2025-10-08T14:19:24.230403Z	▲  ├ ƒ /resume                                145 B         102 kB
2025-10-08T14:19:24.230513Z	▲  ├ ○ /robots.txt                            145 B         102 kB
2025-10-08T14:19:24.230628Z	▲  ├ ƒ /rss.xml                               145 B         102 kB
2025-10-08T14:19:24.230736Z	▲  ├ ○ /sitemap.xml                           145 B         102 kB
2025-10-08T14:19:24.230842Z	▲  └ ƒ /timeline                            1.27 kB         144 kB
2025-10-08T14:19:24.230951Z	▲  + First Load JS shared by all             102 kB
2025-10-08T14:19:24.23106Z	▲  ├ chunks/841-375983f47b925de7.js       45.5 kB
2025-10-08T14:19:24.231147Z	▲  ├ chunks/d75d5394-3a6e095374c61b71.js  54.2 kB
2025-10-08T14:19:24.231254Z	▲  └ other shared chunks (total)          1.95 kB
2025-10-08T14:19:24.231362Z	▲  ○  (Static)   prerendered as static content
2025-10-08T14:19:24.231459Z	▲  ƒ  (Dynamic)  server-rendered on demand
2025-10-08T14:19:24.653713Z	▲  Traced Next.js server files in: 320.736ms
2025-10-08T14:19:24.782206Z	▲  Created all serverless functions in: 127.939ms
2025-10-08T14:19:25.829943Z	▲  Collected static files (public/, static/, .next/static): 7.721ms
2025-10-08T14:19:25.975716Z	▲  Build Completed in .vercel/output [31s]
2025-10-08T14:19:26.629242Z	⚡️ Completed `pnpm dlx vercel build`.
2025-10-08T14:19:31.702627Z	
2025-10-08T14:19:31.702894Z	⚡️ Build Summary (@cloudflare/next-on-pages v1.13.16)
2025-10-08T14:19:31.703061Z	⚡️ 
2025-10-08T14:19:31.703211Z	⚡️ Edge Function Routes (13)
2025-10-08T14:19:31.703321Z	⚡️   ┌ /
2025-10-08T14:19:31.703421Z	⚡️   ├ /about
2025-10-08T14:19:31.703535Z	⚡️   ├ /api/og
2025-10-08T14:19:31.703642Z	⚡️   ├ /blog
2025-10-08T14:19:31.703748Z	⚡️   ├ /blog/[slug]
2025-10-08T14:19:31.70385Z	⚡️   ├ /contact
2025-10-08T14:19:31.703948Z	⚡️   ├ /feed.xml
2025-10-08T14:19:31.704043Z	⚡️   ├ /impressum
2025-10-08T14:19:31.704135Z	⚡️   ├ /projects
2025-10-08T14:19:31.70425Z	⚡️   ├ /projects/[slug]
2025-10-08T14:19:31.704358Z	⚡️   ├ /resume
2025-10-08T14:19:31.704459Z	⚡️   ├ /rss.xml
2025-10-08T14:19:31.704585Z	⚡️   └ /timeline
2025-10-08T14:19:31.704683Z	⚡️ 
2025-10-08T14:19:31.704783Z	⚡️ Prerendered Routes (4)
2025-10-08T14:19:31.704878Z	⚡️   ┌ /_not-found
2025-10-08T14:19:31.704989Z	⚡️   ├ /_not-found.rsc
2025-10-08T14:19:31.705088Z	⚡️   ├ /robots.txt
2025-10-08T14:19:31.705188Z	⚡️   └ /sitemap.xml
2025-10-08T14:19:31.705299Z	⚡️ 
2025-10-08T14:19:31.705412Z	⚡️ Wasm Files (2)
2025-10-08T14:19:31.705531Z	⚡️   ┌ wasm_77d9faebf7af9e421806970ce10a58e9d83116d7
2025-10-08T14:19:31.705651Z	⚡️   └ wasm_ef4866ecae192fd87727067cf2c0c0cf9fb8b020
2025-10-08T14:19:31.705747Z	⚡️ 
2025-10-08T14:19:31.705839Z	⚡️ Bundled Assets (1)
2025-10-08T14:19:31.705941Z	⚡️   - noto-sans-v27-latin-regular.5dda3fca77107598.ttf
2025-10-08T14:19:31.70604Z	⚡️ 
2025-10-08T14:19:31.706143Z	⚡️ Other Static Assets (65)
2025-10-08T14:19:31.706256Z	⚡️   ┌ /_app.rsc.json
2025-10-08T14:19:31.706357Z	⚡️   ├ /_document.rsc.json
2025-10-08T14:19:31.70646Z	⚡️   ├ /_error.rsc.json
2025-10-08T14:19:31.706573Z	⚡️   ├ /404.html
2025-10-08T14:19:31.70667Z	⚡️   └ ... 61 more
2025-10-08T14:19:31.706765Z	
2025-10-08T14:19:31.718795Z	⚡️ Build log saved to '.vercel/output/static/_worker.js/nop-build-log.json'
2025-10-08T14:19:31.719733Z	⚡️ Generated '.vercel/output/static/_worker.js/index.js'.
2025-10-08T14:19:31.719986Z	⚡️ Build completed in 5.09s
2025-10-08T14:19:31.785577Z	Finished
2025-10-08T14:19:32.610747Z	Checking for configuration in a Wrangler configuration file (BETA)
2025-10-08T14:19:32.611326Z	
2025-10-08T14:19:32.612415Z	Found wrangler.toml file. Reading build configuration...
2025-10-08T14:19:32.618928Z	pages_build_output_dir: .vercel/output/static
2025-10-08T14:19:32.619361Z	Build environment variables: (none found)
2025-10-08T14:19:33.722616Z	Successfully read wrangler.toml file.
2025-10-08T14:19:33.723451Z	Found _worker.js in output directory. Uploading.
2025-10-08T14:19:33.730834Z	 ⛅️ wrangler 3.101.0
2025-10-08T14:19:33.731018Z	-------------------
2025-10-08T14:19:34.617805Z	Attaching additional modules:
2025-10-08T14:19:34.635417Z	┌────────────────────────────────────────────────────────────────────────────────────┬───────────────┬─────────────┐
2025-10-08T14:19:34.635789Z	│ Name                                                                               │ Type          │ Size        │
2025-10-08T14:19:34.636031Z	├────────────────────────────────────────────────────────────────────────────────────┼───────────────┼─────────────┤
2025-10-08T14:19:34.636155Z	│ __next-on-pages-dist__/assets/noto-sans-v27-latin-regular.5dda3fca77107598.ttf.bin │ buffer        │ 27.10 KiB   │
2025-10-08T14:19:34.636378Z	├────────────────────────────────────────────────────────────────────────────────────┼───────────────┼─────────────┤
2025-10-08T14:19:34.636548Z	│ __next-on-pages-dist__/cache/adaptor.js                                            │ esm           │ 2.29 KiB    │
2025-10-08T14:19:34.636726Z	├────────────────────────────────────────────────────────────────────────────────────┼───────────────┼─────────────┤
2025-10-08T14:19:34.636866Z	│ __next-on-pages-dist__/cache/cache-api.js                                          │ esm           │ 0.43 KiB    │
2025-10-08T14:19:34.637029Z	├────────────────────────────────────────────────────────────────────────────────────┼───────────────┼─────────────┤
2025-10-08T14:19:34.637153Z	│ __next-on-pages-dist__/cache/kv.js                                                 │ esm           │ 0.35 KiB    │
2025-10-08T14:19:34.637269Z	├────────────────────────────────────────────────────────────────────────────────────┼───────────────┼─────────────┤
2025-10-08T14:19:34.637388Z	│ __next-on-pages-dist__/functions/about.func.js                                     │ esm           │ 61.38 KiB   │
2025-10-08T14:19:34.637514Z	├────────────────────────────────────────────────────────────────────────────────────┼───────────────┼─────────────┤
2025-10-08T14:19:34.637625Z	│ __next-on-pages-dist__/functions/api/og.func.js                                    │ esm           │ 425.76 KiB  │
2025-10-08T14:19:34.637728Z	├────────────────────────────────────────────────────────────────────────────────────┼───────────────┼─────────────┤
2025-10-08T14:19:34.63783Z	│ __next-on-pages-dist__/functions/blog/[slug].func.js                               │ esm           │ 65.98 KiB   │
2025-10-08T14:19:34.637946Z	├────────────────────────────────────────────────────────────────────────────────────┼───────────────┼─────────────┤
2025-10-08T14:19:34.638071Z	│ __next-on-pages-dist__/functions/blog.func.js                                      │ esm           │ 62.82 KiB   │
2025-10-08T14:19:34.638198Z	├────────────────────────────────────────────────────────────────────────────────────┼───────────────┼─────────────┤
2025-10-08T14:19:34.638319Z	│ __next-on-pages-dist__/functions/contact.func.js                                   │ esm           │ 59.21 KiB   │
2025-10-08T14:19:34.638433Z	├────────────────────────────────────────────────────────────────────────────────────┼───────────────┼─────────────┤
2025-10-08T14:19:34.63856Z	│ __next-on-pages-dist__/functions/feed.xml.func.js                                  │ esm           │ 37.07 KiB   │
2025-10-08T14:19:34.638685Z	├────────────────────────────────────────────────────────────────────────────────────┼───────────────┼─────────────┤
2025-10-08T14:19:34.638801Z	│ __next-on-pages-dist__/functions/impressum.func.js                                 │ esm           │ 58.60 KiB   │
2025-10-08T14:19:34.638903Z	├────────────────────────────────────────────────────────────────────────────────────┼───────────────┼─────────────┤
2025-10-08T14:19:34.639042Z	│ __next-on-pages-dist__/functions/index.func.js                                     │ esm           │ 71.95 KiB   │
2025-10-08T14:19:34.63916Z	├────────────────────────────────────────────────────────────────────────────────────┼───────────────┼─────────────┤
2025-10-08T14:19:34.639277Z	│ __next-on-pages-dist__/functions/projects/[slug].func.js                           │ esm           │ 59.38 KiB   │
2025-10-08T14:19:34.639396Z	├────────────────────────────────────────────────────────────────────────────────────┼───────────────┼─────────────┤
2025-10-08T14:19:34.639523Z	│ __next-on-pages-dist__/functions/projects.func.js                                  │ esm           │ 60.43 KiB   │
2025-10-08T14:19:34.639641Z	├────────────────────────────────────────────────────────────────────────────────────┼───────────────┼─────────────┤
2025-10-08T14:19:34.639752Z	│ __next-on-pages-dist__/functions/resume.func.js                                    │ esm           │ 63.30 KiB   │
2025-10-08T14:19:34.639858Z	├────────────────────────────────────────────────────────────────────────────────────┼───────────────┼─────────────┤
2025-10-08T14:19:34.639977Z	│ __next-on-pages-dist__/functions/rss.xml.func.js                                   │ esm           │ 37.06 KiB   │
2025-10-08T14:19:34.640096Z	├────────────────────────────────────────────────────────────────────────────────────┼───────────────┼─────────────┤
2025-10-08T14:19:34.640226Z	│ __next-on-pages-dist__/functions/timeline.func.js                                  │ esm           │ 59.13 KiB   │
2025-10-08T14:19:34.640335Z	├────────────────────────────────────────────────────────────────────────────────────┼───────────────┼─────────────┤
2025-10-08T14:19:34.640437Z	│ __next-on-pages-dist__/manifest/88a389dd6c068190adb2efc795e4063c.js                │ esm           │ 0.49 KiB    │
2025-10-08T14:19:34.640562Z	├────────────────────────────────────────────────────────────────────────────────────┼───────────────┼─────────────┤
2025-10-08T14:19:34.640684Z	│ __next-on-pages-dist__/wasm/wasm_77d9faebf7af9e421806970ce10a58e9d83116d7.wasm     │ compiled-wasm │ 1346.05 KiB │
2025-10-08T14:19:34.640797Z	├────────────────────────────────────────────────────────────────────────────────────┼───────────────┼─────────────┤
2025-10-08T14:19:34.64091Z	│ __next-on-pages-dist__/wasm/wasm_ef4866ecae192fd87727067cf2c0c0cf9fb8b020.wasm     │ compiled-wasm │ 86.58 KiB   │
2025-10-08T14:19:34.641029Z	├────────────────────────────────────────────────────────────────────────────────────┼───────────────┼─────────────┤
2025-10-08T14:19:34.641165Z	│ __next-on-pages-dist__/webpack/0bd7d601928a2445d964d91cba72f8b1.js                 │ esm           │ 68.37 KiB   │
2025-10-08T14:19:34.641286Z	├────────────────────────────────────────────────────────────────────────────────────┼───────────────┼─────────────┤
2025-10-08T14:19:34.641402Z	│ __next-on-pages-dist__/webpack/115.js                                              │ esm           │ 78.50 KiB   │
2025-10-08T14:19:34.641536Z	├────────────────────────────────────────────────────────────────────────────────────┼───────────────┼─────────────┤
2025-10-08T14:19:34.641653Z	│ __next-on-pages-dist__/webpack/1822.js                                             │ esm           │ 0.42 KiB    │
2025-10-08T14:19:34.641764Z	├────────────────────────────────────────────────────────────────────────────────────┼───────────────┼─────────────┤
2025-10-08T14:19:34.641865Z	│ __next-on-pages-dist__/webpack/1a9b2e43a2ca8f0babb717ff5f10a552.js                 │ esm           │ 3.10 KiB    │
2025-10-08T14:19:34.641981Z	├────────────────────────────────────────────────────────────────────────────────────┼───────────────┼─────────────┤
2025-10-08T14:19:34.6421Z	│ __next-on-pages-dist__/webpack/21c44d19963d66044e7b5459f9871f5e.js                 │ esm           │ 181.90 KiB  │
2025-10-08T14:19:34.642223Z	├────────────────────────────────────────────────────────────────────────────────────┼───────────────┼─────────────┤
2025-10-08T14:19:34.642334Z	│ __next-on-pages-dist__/webpack/3152dca734040a9886c6ad2dd7d9002b.js                 │ esm           │ 665.66 KiB  │
2025-10-08T14:19:34.642433Z	├────────────────────────────────────────────────────────────────────────────────────┼───────────────┼─────────────┤
2025-10-08T14:19:34.642562Z	│ __next-on-pages-dist__/webpack/677abed6e043932f925d00ad391dd0eb.js                 │ esm           │ 10.20 KiB   │
2025-10-08T14:19:34.642682Z	├────────────────────────────────────────────────────────────────────────────────────┼───────────────┼─────────────┤
2025-10-08T14:19:34.642791Z	│ __next-on-pages-dist__/webpack/6887.js                                             │ esm           │ 0.15 KiB    │
2025-10-08T14:19:34.642904Z	├────────────────────────────────────────────────────────────────────────────────────┼───────────────┼─────────────┤
2025-10-08T14:19:34.643259Z	│ __next-on-pages-dist__/webpack/b65a8da223d0e10ba923c81f5bbf20df.js                 │ esm           │ 0.10 KiB    │
2025-10-08T14:19:34.643449Z	├────────────────────────────────────────────────────────────────────────────────────┼───────────────┼─────────────┤
2025-10-08T14:19:34.643591Z	│ __next-on-pages-dist__/webpack/bbe750c4b2d313f7c532e627fc02e454.js                 │ esm           │ 0.60 KiB    │
2025-10-08T14:19:34.64366Z	├────────────────────────────────────────────────────────────────────────────────────┼───────────────┼─────────────┤
2025-10-08T14:19:34.64372Z	│ __next-on-pages-dist__/webpack/d0c7fae6b6432aacc737db8b299c2c5b.js                 │ esm           │ 1.64 KiB    │
2025-10-08T14:19:34.643777Z	├────────────────────────────────────────────────────────────────────────────────────┼───────────────┼─────────────┤
2025-10-08T14:19:34.643838Z	│ __next-on-pages-dist__/webpack/ee73d2034a97e51ab3fcc9f394b43e98.js                 │ esm           │ 0.72 KiB    │
2025-10-08T14:19:34.643899Z	├────────────────────────────────────────────────────────────────────────────────────┼───────────────┼─────────────┤
2025-10-08T14:19:34.643957Z	│ Total (32 modules)                                                                 │               │ 3596.71 KiB │
2025-10-08T14:19:34.644019Z	└────────────────────────────────────────────────────────────────────────────────────┴───────────────┴─────────────┘
2025-10-08T14:19:34.833395Z	✨ Compiled Worker successfully
2025-10-08T14:19:35.966163Z	Found _routes.json in output directory. Uploading.
2025-10-08T14:19:35.981706Z	Validating asset output directory
2025-10-08T14:19:39.077988Z	Deploying your site to Cloudflare's global network...
2025-10-08T14:19:43.131177Z	Parsed 1 valid header rule.
2025-10-08T14:19:44.511222Z	Uploading... (65/70)
2025-10-08T14:19:45.101264Z	Uploading... (66/70)
2025-10-08T14:19:45.208551Z	Uploading... (68/70)
2025-10-08T14:19:45.286802Z	Uploading... (70/70)
2025-10-08T14:19:45.28708Z	✨ Success! Uploaded 5 files (65 already uploaded) (1.23 sec)
2025-10-08T14:19:45.287193Z	
2025-10-08T14:19:45.639105Z	✨ Upload complete!
2025-10-08T14:19:48.260199Z	Uploading to build output cache
2025-10-08T14:19:49.143163Z	Success: Build output uploaded to build cache.
2025-10-08T14:19:50.836801Z	Success: Assets published!
2025-10-08T14:19:55.559465Z	Success: Your site was deployed!